2018-09-24 14:00:15,708 INFO [org.springframework.context.support.ClassPathXmlApplicationContext] - Refreshing org.springframework.context.support.ClassPathXmlApplicationContext@5e265ba4: startup date [Mon Sep 24 14:00:15 CST 2018]; root of context hierarchy
2018-09-24 14:00:15,748 INFO [org.springframework.beans.factory.xml.XmlBeanDefinitionReader] - Loading XML bean definitions from class path resource [applicationContext.xml]
2018-09-24 14:11:00,654 INFO [org.springframework.context.support.ClassPathXmlApplicationContext] - Refreshing org.springframework.context.support.ClassPathXmlApplicationContext@5e265ba4: startup date [Mon Sep 24 14:11:00 CST 2018]; root of context hierarchy
2018-09-24 14:11:00,692 INFO [org.springframework.beans.factory.xml.XmlBeanDefinitionReader] - Loading XML bean definitions from class path resource [applicationContext.xml]
2018-09-24 16:16:05,133 INFO [org.springframework.context.support.ClassPathXmlApplicationContext] - Refreshing org.springframework.context.support.ClassPathXmlApplicationContext@123a439b: startup date [Mon Sep 24 16:16:05 CST 2018]; root of context hierarchy
2018-09-24 16:16:05,167 INFO [org.springframework.beans.factory.xml.XmlBeanDefinitionReader] - Loading XML bean definitions from class path resource [applicationContext.xml]
2018-09-24 16:21:06,920 INFO [org.springframework.context.support.ClassPathXmlApplicationContext] - Refreshing org.springframework.context.support.ClassPathXmlApplicationContext@1175e2db: startup date [Mon Sep 24 16:21:06 CST 2018]; root of context hierarchy
2018-09-24 16:21:06,963 INFO [org.springframework.beans.factory.xml.XmlBeanDefinitionReader] - Loading XML bean definitions from class path resource [applicationContext.xml]
2018-09-24 16:21:07,255 INFO [org.springframework.scheduling.concurrent.ThreadPoolTaskScheduler] - Initializing ExecutorService  'schedulerPool'
2018-09-24 16:50:58,250 INFO [org.springframework.context.support.ClassPathXmlApplicationContext] - Refreshing org.springframework.context.support.ClassPathXmlApplicationContext@1175e2db: startup date [Mon Sep 24 16:50:58 CST 2018]; root of context hierarchy
2018-09-24 16:50:58,306 INFO [org.springframework.beans.factory.xml.XmlBeanDefinitionReader] - Loading XML bean definitions from class path resource [applicationContext.xml]
2018-09-24 16:50:58,782 INFO [cn.mldn.service.proxy.ServiceProxy] - 【*** BEFORE ***】执行参数：[101]
2018-09-24 16:50:58,782 INFO [cn.mldn.service.IMessageService] - 【业务层】执行删除调用，删除的数据ID = mldnjava
2018-09-24 16:50:58,782 INFO [cn.mldn.service.proxy.ServiceProxy] - 【*** AFTER ***】返回结果：false
2018-09-24 16:59:07,738 INFO [org.springframework.context.support.ClassPathXmlApplicationContext] - Refreshing org.springframework.context.support.ClassPathXmlApplicationContext@1175e2db: startup date [Mon Sep 24 16:59:07 CST 2018]; root of context hierarchy
2018-09-24 16:59:07,773 INFO [org.springframework.beans.factory.xml.XmlBeanDefinitionReader] - Loading XML bean definitions from class path resource [applicationContext.xml]
2018-09-24 16:59:08,507 INFO [cn.mldn.service.proxy.ServiceProxy] - 【*** BEFORE ***】执行参数：[101]
2018-09-24 16:59:08,511 INFO [cn.mldn.service.proxy.ServiceProxy] - 【ServiceProxy - BEFORE】在业务方法执行之前进行调用，参数内容：mldnjava
2018-09-24 16:59:08,511 INFO [cn.mldn.service.IMessageService] - 【业务层】执行删除调用，删除的数据ID = mldnjava
2018-09-24 16:59:08,512 INFO [cn.mldn.service.proxy.ServiceProxy] - 【*** AFTER ***】返回结果：false
2018-09-24 16:59:08,512 INFO [cn.mldn.service.proxy.ServiceProxy] - 【ServiceProxy - AFTER】在业务方法执行之后进行调用。
2018-09-24 16:59:08,513 INFO [cn.mldn.service.proxy.ServiceProxy] - 【ServiceProxy - RETURNING】返回值 = true
2018-09-24 16:59:58,564 INFO [org.springframework.context.support.ClassPathXmlApplicationContext] - Refreshing org.springframework.context.support.ClassPathXmlApplicationContext@1175e2db: startup date [Mon Sep 24 16:59:58 CST 2018]; root of context hierarchy
2018-09-24 16:59:58,597 INFO [org.springframework.beans.factory.xml.XmlBeanDefinitionReader] - Loading XML bean definitions from class path resource [applicationContext.xml]
2018-09-24 16:59:58,966 WARN [org.springframework.context.support.ClassPathXmlApplicationContext] - Exception encountered during context initialization - cancelling refresh attempt: org.springframework.beans.factory.BeanCreationException: Error creating bean with name 'org.springframework.context.event.internalEventListenerProcessor': Initialization of bean failed; nested exception is java.lang.IllegalArgumentException: error at ::0 formal unbound in pointcut 
2018-09-24 17:01:59,736 INFO [org.springframework.context.support.ClassPathXmlApplicationContext] - Refreshing org.springframework.context.support.ClassPathXmlApplicationContext@1175e2db: startup date [Mon Sep 24 17:01:59 CST 2018]; root of context hierarchy
2018-09-24 17:01:59,770 INFO [org.springframework.beans.factory.xml.XmlBeanDefinitionReader] - Loading XML bean definitions from class path resource [applicationContext.xml]
2018-09-24 17:02:00,224 INFO [cn.mldn.service.proxy.ServiceProxy] - 【*** BEFORE ***】执行参数：[101]
2018-09-24 17:02:00,227 INFO [cn.mldn.service.proxy.ServiceProxy] - 【ServiceProxy - BEFORE】在业务方法执行之前进行调用，参数内容：mldnjava
2018-09-24 17:02:00,227 INFO [cn.mldn.service.IMessageService] - 【业务层】执行删除调用，删除的数据ID = mldnjava
2018-09-24 17:02:00,227 INFO [cn.mldn.service.proxy.ServiceProxy] - 【*** AFTER ***】返回结果：false
2018-09-24 17:02:00,227 INFO [cn.mldn.service.proxy.ServiceProxy] - 【ServiceProxy - AFTER】在业务方法执行之后进行调用。
2018-09-24 17:02:00,227 INFO [cn.mldn.service.proxy.ServiceProxy] - 【ServiceProxy - RETURNING】返回值 = true
2018-09-24 17:08:27,202 INFO [org.springframework.jdbc.datasource.DriverManagerDataSource] - Loaded JDBC driver: org.gjt.mm.mysql.Driver
2018-09-24 17:09:57,853 INFO [org.springframework.context.support.ClassPathXmlApplicationContext] - Refreshing org.springframework.context.support.ClassPathXmlApplicationContext@1175e2db: startup date [Mon Sep 24 17:09:57 CST 2018]; root of context hierarchy
2018-09-24 17:09:57,887 INFO [org.springframework.beans.factory.xml.XmlBeanDefinitionReader] - Loading XML bean definitions from class path resource [applicationContext.xml]
2018-09-24 17:09:58,104 INFO [org.springframework.context.support.PropertySourcesPlaceholderConfigurer] - Loading properties file from class path resource [database.properties]
2018-09-24 17:09:58,154 INFO [com.mchange.v2.log.MLog] - MLog clients using log4j logging.
2018-09-24 17:09:58,440 INFO [com.mchange.v2.c3p0.C3P0Registry] - Initializing c3p0-0.9.1.2 [built 21-May-2007 15:04:56; debug? true; trace: 10]
2018-09-24 17:09:58,584 INFO [com.mchange.v2.c3p0.impl.AbstractPoolBackedDataSource] - Initializing c3p0 pool... com.mchange.v2.c3p0.ComboPooledDataSource [ acquireIncrement -> 3, acquireRetryAttempts -> 30, acquireRetryDelay -> 1000, autoCommitOnClose -> false, automaticTestTable -> null, breakAfterAcquireFailure -> false, checkoutTimeout -> 0, connectionCustomizerClassName -> null, connectionTesterClassName -> com.mchange.v2.c3p0.impl.DefaultConnectionTester, dataSourceName -> 1bqz5209y30avuhwv7mny|12d3a4e9, debugUnreturnedConnectionStackTraces -> false, description -> null, driverClass -> org.gjt.mm.mysql.Driver, factoryClassLocation -> null, forceIgnoreUnresolvedTransactions -> false, identityToken -> 1bqz5209y30avuhwv7mny|12d3a4e9, idleConnectionTestPeriod -> 0, initialPoolSize -> 1, jdbcUrl -> jdbc:mysql://localhost:3306/springdb, maxAdministrativeTaskTime -> 0, maxConnectionAge -> 0, maxIdleTime -> 1, maxIdleTimeExcessConnections -> 0, maxPoolSize -> 1, maxStatements -> 0, maxStatementsPerConnection -> 0, minPoolSize -> 1, numHelperThreads -> 3, numThreadsAwaitingCheckoutDefaultUser -> 0, preferredTestQuery -> null, properties -> {user=******, password=******}, propertyCycle -> 0, testConnectionOnCheckin -> false, testConnectionOnCheckout -> false, unreturnedConnectionTimeout -> 0, usesTraditionalReflectiveProxies -> false ]
2018-09-24 17:13:17,361 INFO [org.springframework.context.support.ClassPathXmlApplicationContext] - Refreshing org.springframework.context.support.ClassPathXmlApplicationContext@1175e2db: startup date [Mon Sep 24 17:13:17 CST 2018]; root of context hierarchy
2018-09-24 17:13:17,413 INFO [org.springframework.beans.factory.xml.XmlBeanDefinitionReader] - Loading XML bean definitions from class path resource [applicationContext.xml]
2018-09-24 17:13:17,677 INFO [org.springframework.context.support.PropertySourcesPlaceholderConfigurer] - Loading properties file from class path resource [database.properties]
2018-09-24 17:13:17,720 INFO [com.mchange.v2.log.MLog] - MLog clients using log4j logging.
2018-09-24 17:13:17,977 INFO [com.mchange.v2.c3p0.C3P0Registry] - Initializing c3p0-0.9.1.2 [built 21-May-2007 15:04:56; debug? true; trace: 10]
2018-09-24 17:13:18,121 INFO [com.mchange.v2.c3p0.impl.AbstractPoolBackedDataSource] - Initializing c3p0 pool... com.mchange.v2.c3p0.ComboPooledDataSource [ acquireIncrement -> 3, acquireRetryAttempts -> 30, acquireRetryDelay -> 1000, autoCommitOnClose -> false, automaticTestTable -> null, breakAfterAcquireFailure -> false, checkoutTimeout -> 0, connectionCustomizerClassName -> null, connectionTesterClassName -> com.mchange.v2.c3p0.impl.DefaultConnectionTester, dataSourceName -> 1bqz5209y30f5tl1ld522y|12d3a4e9, debugUnreturnedConnectionStackTraces -> false, description -> null, driverClass -> org.gjt.mm.mysql.Driver, factoryClassLocation -> null, forceIgnoreUnresolvedTransactions -> false, identityToken -> 1bqz5209y30f5tl1ld522y|12d3a4e9, idleConnectionTestPeriod -> 0, initialPoolSize -> 1, jdbcUrl -> jdbc:mysql://localhost:3306/springdb, maxAdministrativeTaskTime -> 0, maxConnectionAge -> 0, maxIdleTime -> 1, maxIdleTimeExcessConnections -> 0, maxPoolSize -> 1, maxStatements -> 0, maxStatementsPerConnection -> 0, minPoolSize -> 1, numHelperThreads -> 3, numThreadsAwaitingCheckoutDefaultUser -> 0, preferredTestQuery -> null, properties -> {user=******, password=******}, propertyCycle -> 0, testConnectionOnCheckin -> false, testConnectionOnCheckout -> false, unreturnedConnectionTimeout -> 0, usesTraditionalReflectiveProxies -> false ]
2018-09-24 17:15:13,476 INFO [org.springframework.context.support.ClassPathXmlApplicationContext] - Refreshing org.springframework.context.support.ClassPathXmlApplicationContext@4926097b: startup date [Mon Sep 24 17:15:13 CST 2018]; root of context hierarchy
2018-09-24 17:15:13,509 INFO [org.springframework.beans.factory.xml.XmlBeanDefinitionReader] - Loading XML bean definitions from class path resource [applicationContext.xml]
2018-09-24 17:15:13,713 INFO [org.springframework.context.support.PropertySourcesPlaceholderConfigurer] - Loading properties file from class path resource [database.properties]
2018-09-24 17:15:13,757 INFO [com.mchange.v2.log.MLog] - MLog clients using log4j logging.
2018-09-24 17:15:13,831 INFO [com.mchange.v2.c3p0.C3P0Registry] - Initializing c3p0-0.9.1.2 [built 21-May-2007 15:04:56; debug? true; trace: 10]
2018-09-24 17:15:13,962 INFO [com.mchange.v2.c3p0.impl.AbstractPoolBackedDataSource] - Initializing c3p0 pool... com.mchange.v2.c3p0.ComboPooledDataSource [ acquireIncrement -> 3, acquireRetryAttempts -> 30, acquireRetryDelay -> 1000, autoCommitOnClose -> false, automaticTestTable -> null, breakAfterAcquireFailure -> false, checkoutTimeout -> 0, connectionCustomizerClassName -> null, connectionTesterClassName -> com.mchange.v2.c3p0.impl.DefaultConnectionTester, dataSourceName -> 1bqz5209y30hn8w1hz53gq|12d3a4e9, debugUnreturnedConnectionStackTraces -> false, description -> null, driverClass -> org.gjt.mm.mysql.Driver, factoryClassLocation -> null, forceIgnoreUnresolvedTransactions -> false, identityToken -> 1bqz5209y30hn8w1hz53gq|12d3a4e9, idleConnectionTestPeriod -> 0, initialPoolSize -> 1, jdbcUrl -> jdbc:mysql://localhost:3306/springdb, maxAdministrativeTaskTime -> 0, maxConnectionAge -> 0, maxIdleTime -> 1, maxIdleTimeExcessConnections -> 0, maxPoolSize -> 1, maxStatements -> 0, maxStatementsPerConnection -> 0, minPoolSize -> 1, numHelperThreads -> 3, numThreadsAwaitingCheckoutDefaultUser -> 0, preferredTestQuery -> null, properties -> {user=******, password=******}, propertyCycle -> 0, testConnectionOnCheckin -> false, testConnectionOnCheckout -> false, unreturnedConnectionTimeout -> 0, usesTraditionalReflectiveProxies -> false ]
2018-09-24 17:16:51,863 INFO [org.springframework.context.support.ClassPathXmlApplicationContext] - Refreshing org.springframework.context.support.ClassPathXmlApplicationContext@2401f4c3: startup date [Mon Sep 24 17:16:51 CST 2018]; root of context hierarchy
2018-09-24 17:16:51,899 INFO [org.springframework.beans.factory.xml.XmlBeanDefinitionReader] - Loading XML bean definitions from class path resource [applicationContext.xml]
2018-09-24 17:16:52,148 INFO [org.springframework.context.support.PropertySourcesPlaceholderConfigurer] - Loading properties file from class path resource [database.properties]
2018-09-24 17:16:52,196 INFO [com.mchange.v2.log.MLog] - MLog clients using log4j logging.
2018-09-24 17:16:52,278 INFO [com.mchange.v2.c3p0.C3P0Registry] - Initializing c3p0-0.9.1.2 [built 21-May-2007 15:04:56; debug? true; trace: 10]
2018-09-24 17:16:52,477 INFO [com.mchange.v2.c3p0.impl.AbstractPoolBackedDataSource] - Initializing c3p0 pool... com.mchange.v2.c3p0.ComboPooledDataSource [ acquireIncrement -> 3, acquireRetryAttempts -> 30, acquireRetryDelay -> 1000, autoCommitOnClose -> false, automaticTestTable -> null, breakAfterAcquireFailure -> false, checkoutTimeout -> 0, connectionCustomizerClassName -> null, connectionTesterClassName -> com.mchange.v2.c3p0.impl.DefaultConnectionTester, dataSourceName -> 1bqz5209y30jr7eh1agxw|12d3a4e9, debugUnreturnedConnectionStackTraces -> false, description -> null, driverClass -> org.gjt.mm.mysql.Driver, factoryClassLocation -> null, forceIgnoreUnresolvedTransactions -> false, identityToken -> 1bqz5209y30jr7eh1agxw|12d3a4e9, idleConnectionTestPeriod -> 0, initialPoolSize -> 1, jdbcUrl -> jdbc:mysql://localhost:3306/springdb, maxAdministrativeTaskTime -> 0, maxConnectionAge -> 0, maxIdleTime -> 1, maxIdleTimeExcessConnections -> 0, maxPoolSize -> 1, maxStatements -> 0, maxStatementsPerConnection -> 0, minPoolSize -> 1, numHelperThreads -> 3, numThreadsAwaitingCheckoutDefaultUser -> 0, preferredTestQuery -> null, properties -> {user=******, password=******}, propertyCycle -> 0, testConnectionOnCheckin -> false, testConnectionOnCheckout -> false, unreturnedConnectionTimeout -> 0, usesTraditionalReflectiveProxies -> false ]
2018-09-24 17:17:03,620 INFO [org.springframework.context.support.ClassPathXmlApplicationContext] - Refreshing org.springframework.context.support.ClassPathXmlApplicationContext@2401f4c3: startup date [Mon Sep 24 17:17:03 CST 2018]; root of context hierarchy
2018-09-24 17:17:03,654 INFO [org.springframework.beans.factory.xml.XmlBeanDefinitionReader] - Loading XML bean definitions from class path resource [applicationContext.xml]
2018-09-24 17:17:03,862 INFO [org.springframework.context.support.PropertySourcesPlaceholderConfigurer] - Loading properties file from class path resource [database.properties]
2018-09-24 17:17:03,906 INFO [com.mchange.v2.log.MLog] - MLog clients using log4j logging.
2018-09-24 17:17:03,978 INFO [com.mchange.v2.c3p0.C3P0Registry] - Initializing c3p0-0.9.1.2 [built 21-May-2007 15:04:56; debug? true; trace: 10]
2018-09-24 17:17:04,094 INFO [com.mchange.v2.c3p0.impl.AbstractPoolBackedDataSource] - Initializing c3p0 pool... com.mchange.v2.c3p0.ComboPooledDataSource [ acquireIncrement -> 3, acquireRetryAttempts -> 30, acquireRetryDelay -> 1000, autoCommitOnClose -> false, automaticTestTable -> null, breakAfterAcquireFailure -> false, checkoutTimeout -> 0, connectionCustomizerClassName -> null, connectionTesterClassName -> com.mchange.v2.c3p0.impl.DefaultConnectionTester, dataSourceName -> 1bqz5209y30k08p1s1fsq|12d3a4e9, debugUnreturnedConnectionStackTraces -> false, description -> null, driverClass -> org.gjt.mm.mysql.Driver, factoryClassLocation -> null, forceIgnoreUnresolvedTransactions -> false, identityToken -> 1bqz5209y30k08p1s1fsq|12d3a4e9, idleConnectionTestPeriod -> 0, initialPoolSize -> 1, jdbcUrl -> jdbc:mysql://localhost:3306/springdb, maxAdministrativeTaskTime -> 0, maxConnectionAge -> 0, maxIdleTime -> 1, maxIdleTimeExcessConnections -> 0, maxPoolSize -> 1, maxStatements -> 0, maxStatementsPerConnection -> 0, minPoolSize -> 1, numHelperThreads -> 3, numThreadsAwaitingCheckoutDefaultUser -> 0, preferredTestQuery -> null, properties -> {user=******, password=******}, propertyCycle -> 0, testConnectionOnCheckin -> false, testConnectionOnCheckout -> false, unreturnedConnectionTimeout -> 0, usesTraditionalReflectiveProxies -> false ]
